<?xml version="1.0" encoding="UTF-8"?>
<!-- Generated by org.testng.reporters.JUnitXMLReporter -->
<testsuite ignored="0" hostname="PC-GDC" failures="1" tests="4" name="Test FE" time="137.574" errors="0" timestamp="14 Dec 2022 07:57:58 GMT">
  <testcase classname="com.liveguru.product.test" name="test" time="28.999">
    <skipped/>
  </testcase> <!-- test -->
  <testcase classname="com.liveguru.product.test" name="test" time="37.325">
    <skipped/>
  </testcase> <!-- test -->
  <testcase classname="com.liveguru.product.test" name="test" time="47.651">
    <skipped/>
  </testcase> <!-- test -->
  <testcase classname="com.liveguru.product.test" name="test" time="23.571">
    <failure type="java.lang.AssertionError" message="expected [google] but found [Google]">
      <![CDATA[java.lang.AssertionError: expected [google] but found [Google]
at com.liveguru.product.test.test(test.java:26)
... Removed 31 stack frames]]>
    </failure>
  </testcase> <!-- test -->
</testsuite> <!-- Test FE -->
